<?xml version="1.0" encoding="UTF-8"?>
<!-- Generated by org.testng.reporters.JUnitReportReporter -->
<testsuite hostname="MSI" failures="0" tests="1" name="complexResponse.ComplexResponseBodyAPICall" time="3.210" errors="0" timestamp="2024-07-15T18:42:38 IST" skipped="0">
  <testcase classname="complexResponse.ComplexResponseBodyAPICall" name="FetchDataFromComplexResponseBODY" time="3.210"/>
  <system-out/>
</testsuite> <!-- complexResponse.ComplexResponseBodyAPICall -->
