<?xml version="1.0" encoding="UTF-8"?>
<!-- Generated by org.testng.reporters.JUnitReportReporter -->
<testsuite hostname="MSI" failures="0" tests="1" name="pkg_API_CALLs.Delete_Order_API_CALL" time="0.073" errors="0" timestamp="2024-07-15T17:30:06 IST" skipped="0">
  <testcase classname="pkg_API_CALLs.Delete_Order_API_CALL" name="DeleteOrderInApplication" time="0.073"/>
  <system-out/>
</testsuite> <!-- pkg_API_CALLs.Delete_Order_API_CALL -->
